<?xml version="1.0" encoding="UTF-8"?>
<!-- Generated by org.testng.reporters.JUnitXMLReporter -->
<testsuite ignored="0" hostname="DESKTOP-9248NBR" failures="1" tests="1" name="TC001" time="0.06" errors="0" timestamp="2026-03-06T23:45:37 IST">
  <testcase classname="testCases.TC002_LoginTest" name="verify_login" time="0.012">
    <failure type="java.lang.NullPointerException" message="Cannot invoke &amp;quot;org.apache.logging.log4j.Logger.info(String)&amp;quot; because &amp;quot;this.logger&amp;quot; is null">
      <![CDATA[java.lang.NullPointerException: Cannot invoke "org.apache.logging.log4j.Logger.info(String)" because "this.logger" is null
at testCases.TC002_LoginTest.verify_login(TC002_LoginTest.java:14)
at java.base/java.util.ArrayList.forEach(ArrayList.java:1604)
... Removed 25 stack frames]]>
    </failure>
  </testcase> <!-- verify_login -->
</testsuite> <!-- TC001 -->
